<?xml version="1.0" encoding="UTF-8"?>
<testsuite xmlns:xsi="http://www.w3.org/2001/XMLSchema-instance" xsi:noNamespaceSchemaLocation="https://maven.apache.org/surefire/maven-surefire-plugin/xsd/surefire-test-report.xsd" name="com.mori.demo.test.UsetTest" time="0.521" tests="1" errors="0" skipped="0" failures="0">
  <properties>
    <property name="sun.desktop" value="windows"/>
    <property name="awt.toolkit" value="sun.awt.windows.WToolkit"/>
    <property name="file.encoding.pkg" value="sun.io"/>
    <property name="java.specification.version" value="1.8"/>
    <property name="sun.cpu.isalist" value="amd64"/>
    <property name="sun.jnu.encoding" value="GBK"/>
    <property name="java.class.path" value="D:\IdeaProjects\basic-code\course-03-maven\target\test-classes;D:\IdeaProjects\basic-code\course-03-maven\target\classes;D:\maven-repository\junit\junit\4.11\junit-4.11.jar;D:\maven-repository\org\hamcrest\hamcrest-core\1.3\hamcrest-core-1.3.jar;D:\maven-repository\javax\servlet\jsp\jsp-api\2.1\jsp-api-2.1.jar;D:\maven-repository\javax\servlet\servlet-api\2.5\servlet-api-2.5.jar;D:\maven-repository\javax\servlet\javax.servlet-api\4.0.1\javax.servlet-api-4.0.1.jar;D:\maven-repository\mysql\mysql-connector-java\8.0.28\mysql-connector-java-8.0.28.jar;D:\maven-repository\com\google\protobuf\protobuf-java\3.11.4\protobuf-java-3.11.4.jar;"/>
    <property name="java.vm.vendor" value="Oracle Corporation"/>
    <property name="sun.arch.data.model" value="64"/>
    <property name="user.variant" value=""/>
    <property name="java.vendor.url" value="http://java.oracle.com/"/>
    <property name="user.timezone" value="Asia/Shanghai"/>
    <property name="java.vm.specification.version" value="1.8"/>
    <property name="os.name" value="Windows 10"/>
    <property name="user.country" value="CN"/>
    <property name="sun.java.launcher" value="SUN_STANDARD"/>
    <property name="sun.boot.library.path" value="D:\Java\jdk1.8.0_172\jre\bin"/>
    <property name="sun.java.command" value="C:\Users\ErYue_i\AppData\Local\Temp\surefire2556190610083749523\surefirebooter8434454906914736613.jar C:\Users\ErYue_i\AppData\Local\Temp\surefire2556190610083749523 2022-05-20T19-28-34_489-jvmRun1 surefire2738432740671340995tmp surefire_08083308590007163381tmp"/>
    <property name="surefire.test.class.path" value="D:\IdeaProjects\basic-code\course-03-maven\target\test-classes;D:\IdeaProjects\basic-code\course-03-maven\target\classes;D:\maven-repository\junit\junit\4.11\junit-4.11.jar;D:\maven-repository\org\hamcrest\hamcrest-core\1.3\hamcrest-core-1.3.jar;D:\maven-repository\javax\servlet\jsp\jsp-api\2.1\jsp-api-2.1.jar;D:\maven-repository\javax\servlet\servlet-api\2.5\servlet-api-2.5.jar;D:\maven-repository\javax\servlet\javax.servlet-api\4.0.1\javax.servlet-api-4.0.1.jar;D:\maven-repository\mysql\mysql-connector-java\8.0.28\mysql-connector-java-8.0.28.jar;D:\maven-repository\com\google\protobuf\protobuf-java\3.11.4\protobuf-java-3.11.4.jar;"/>
    <property name="sun.cpu.endian" value="little"/>
    <property name="user.home" value="C:\Users\ErYue_i"/>
    <property name="user.language" value="zh"/>
    <property name="java.specification.vendor" value="Oracle Corporation"/>
    <property name="java.home" value="D:\Java\jdk1.8.0_172\jre"/>
    <property name="basedir" value="D:\IdeaProjects\basic-code\course-03-maven"/>
    <property name="file.separator" value="\"/>
    <property name="line.separator" value="&#10;"/>
    <property name="java.vm.specification.vendor" value="Oracle Corporation"/>
    <property name="java.specification.name" value="Java Platform API Specification"/>
    <property name="java.awt.graphicsenv" value="sun.awt.Win32GraphicsEnvironment"/>
    <property name="surefire.real.class.path" value="C:\Users\ErYue_i\AppData\Local\Temp\surefire2556190610083749523\surefirebooter8434454906914736613.jar"/>
    <property name="sun.boot.class.path" value="D:\Java\jdk1.8.0_172\jre\lib\resources.jar;D:\Java\jdk1.8.0_172\jre\lib\rt.jar;D:\Java\jdk1.8.0_172\jre\lib\sunrsasign.jar;D:\Java\jdk1.8.0_172\jre\lib\jsse.jar;D:\Java\jdk1.8.0_172\jre\lib\jce.jar;D:\Java\jdk1.8.0_172\jre\lib\charsets.jar;D:\Java\jdk1.8.0_172\jre\lib\jfr.jar;D:\Java\jdk1.8.0_172\jre\classes"/>
    <property name="user.script" value=""/>
    <property name="sun.management.compiler" value="HotSpot 64-Bit Tiered Compilers"/>
    <property name="java.runtime.version" value="1.8.0_172-b11"/>
    <property name="user.name" value="ErYue_i"/>
    <property name="path.separator" value=";"/>
    <property name="os.version" value="10.0"/>
    <property name="java.endorsed.dirs" value="D:\Java\jdk1.8.0_172\jre\lib\endorsed"/>
    <property name="java.runtime.name" value="Java(TM) SE Runtime Environment"/>
    <property name="file.encoding" value="GBK"/>
    <property name="java.vm.name" value="Java HotSpot(TM) 64-Bit Server VM"/>
    <property name="idea.version2020.1" value="true"/>
    <property name="localRepository" value="D:\maven-repository"/>
    <property name="java.vendor.url.bug" value="http://bugreport.sun.com/bugreport/"/>
    <property name="java.io.tmpdir" value="C:\Users\ErYue_i\AppData\Local\Temp\"/>
    <property name="java.version" value="1.8.0_172"/>
    <property name="user.dir" value="D:\IdeaProjects\basic-code\course-03-maven"/>
    <property name="os.arch" value="amd64"/>
    <property name="java.vm.specification.name" value="Java Virtual Machine Specification"/>
    <property name="java.awt.printerjob" value="sun.awt.windows.WPrinterJob"/>
    <property name="sun.os.patch.level" value=""/>
    <property name="java.library.path" value="D:\Java\jdk1.8.0_172\jre\bin;C:\WINDOWS\Sun\Java\bin;C:\WINDOWS\system32;C:\WINDOWS;C:\WINDOWS\system32;C:\WINDOWS;C:\WINDOWS\System32\Wbem;C:\WINDOWS\System32\WindowsPowerShell\v1.0\;C:\WINDOWS\System32\OpenSSH\;D:\Java\jdk1.8.0_172\bin;D:\Java\jdk1.8.0_172\jre\bin;D:\apache-tomcat-8.5.55\lib;D:\apache-tomcat-8.5.55\lib\servlet-api.jar;D:\apache-tomcat-8.5.55\lib\jsp-api.jar;D:\apache-maven-3.6.3\bin;C:\Program Files\ibm\gsk8\lib64;C:\Program Files (x86)\ibm\gsk8\lib;C:\PROGRA~1\IBM\SQLLIB\BIN;C:\PROGRA~1\IBM\SQLLIB\FUNCTION;C:\PROGRA~1\IBM\SQLLIB\SAMPLES\REPL;D:\ihdb\hdsdk\executable_x64;D:\ihdb\hdsdk\library;F:\Program Files\nodejs\;F:\Program Files\nodejs\node_global;F:\Program Files\TortoiseSVN\bin;F:\Program Files\ZeroC\Ice-3.7.1\bin;F:\Program Files\Git\cmd;D:\Java\Python;C:\Program Files\Microsoft SQL Server\150\Tools\Binn\;C:\Program Files\dotnet\;C:\Program Files\Microsoft SQL Server\130\Tools\Binn\;C:\Program Files\Microsoft SQL Server\Client SDK\ODBC\170\Tools\Binn\;C:\Program Files\MySQL\MySQL Server 8.0\bin;C:\Program Files\MySQL\MySQL Shell 8.0\bin\;C:\Users\ErYue_i\AppData\Local\Microsoft\WindowsApps;D:\Java\jdk1.8.0_172\bin;D:\Java\jdk1.8.0_172\jre\bin;D:\apache-tomcat-8.5.55\lib;D:\apache-tomcat-8.5.55\lib\servlet-api.jar;D:\apache-tomcat-8.5.55\lib\jsp-api.jar;D:\apache-maven-3.6.3\bin;F:\Program Files\Microsoft VS Code\bin;C:\Users\ErYue_i\.dotnet\tools;."/>
    <property name="java.vm.info" value="mixed mode"/>
    <property name="java.vendor" value="Oracle Corporation"/>
    <property name="java.vm.version" value="25.172-b11"/>
    <property name="java.ext.dirs" value="D:\Java\jdk1.8.0_172\jre\lib\ext;C:\WINDOWS\Sun\Java\lib\ext"/>
    <property name="sun.io.unicode.encoding" value="UnicodeLittle"/>
    <property name="maven.repo.local" value="D:\maven-repository"/>
    <property name="java.class.version" value="52.0"/>
  </properties>
  <testcase name="findAll" classname="com.mori.demo.test.UsetTest" time="0.491"/>
</testsuite>